2018-05-15 12:15:13 +0000  Initial pipeline context: <IDEDistributionProcessingPipelineContext: 0x7f9c37075a60; archive(resolved)='<IDEArchive: 0x7f9c38845b40>', distributionTask(resolved)='2', distributionMethod(resolved)='<IDEDistributionMethodAdHoc: 0x7f9c34bbda40>', team(resolved)='<IDEProvisioningBasicTeam: 0x7f9c34c31a70; teamID='2DDUUEN2WS', teamName='William Stomp'>'>
	Chain (11, self inclusive):
	<IDEDistributionProcessingPipelineContext: 0x7f9c37075a60; archive = '<IDEArchive: 0x7f9c38845b40>', distributionMethod='<IDEDistributionMethodAdHoc: 0x7f9c34bbda40>', team='<IDEProvisioningBasicTeam: 0x7f9c34c31a70; teamID='2DDUUEN2WS', teamName='William Stomp'>'>
	<IDEDistributionProcessingPipelineContext: 0x7f9c1d3f38a0; archive = '<IDEArchive: 0x7f9c38845b40>', distributionMethod='<IDEDistributionMethodAdHoc: 0x7f9c34bbda40>', team='<IDEProvisioningBasicTeam: 0x7f9c34c31a70; teamID='2DDUUEN2WS', teamName='William Stomp'>'>
	<IDEDistributionContext: 0x7f9c1d41edb0; archive = '<IDEArchive: 0x7f9c38845b40>', distributionMethod='<IDEDistributionMethodAdHoc: 0x7f9c34bbda40>', team='<IDEProvisioningBasicTeam: 0x7f9c34c31a70; teamID='2DDUUEN2WS', teamName='William Stomp'>'>
	<IDEDistributionContext: 0x7f9c37ee6bf0; archive = '<IDEArchive: 0x7f9c38845b40>', distributionMethod='<IDEDistributionMethodAdHoc: 0x7f9c34bbda40>', team='<IDEProvisioningBasicTeam: 0x7f9c34c31a70; teamID='2DDUUEN2WS', teamName='William Stomp'>'>
	<IDEDistributionContext: 0x7f9c1d41ab30; archive = '<IDEArchive: 0x7f9c38845b40>', distributionMethod='<IDEDistributionMethodAdHoc: 0x7f9c34bbda40>', team='<IDEProvisioningBasicTeam: 0x7f9c34c31a70; teamID='2DDUUEN2WS', teamName='William Stomp'>'>
	<IDEDistributionContext: 0x7f9c1d4186f0; archive = '<IDEArchive: 0x7f9c38845b40>', distributionMethod='<IDEDistributionMethodAdHoc: 0x7f9c34bbda40>', team='<IDEProvisioningBasicTeam: 0x7f9c34c31a70; teamID='2DDUUEN2WS', teamName='William Stomp'>'>
	<IDEDistributionContext: 0x7f9c35879850; archive = '<IDEArchive: 0x7f9c38845b40>', distributionMethod='<IDEDistributionMethodAdHoc: 0x7f9c34bbda40>', team='<IDEProvisioningBasicTeam: 0x7f9c34c31a70; teamID='2DDUUEN2WS', teamName='William Stomp'>'>
	<IDEDistributionContext: 0x7f9c38d7b820; archive = '<IDEArchive: 0x7f9c38845b40>', distributionMethod='<IDEDistributionMethodAdHoc: 0x7f9c34bbda40>', team='<IDEProvisioningBasicTeam: 0x7f9c34c31a70; teamID='2DDUUEN2WS', teamName='William Stomp'>'>
	<IDEDistributionContext: 0x7f9c35dc51a0; archive = '<IDEArchive: 0x7f9c38845b40>', distributionMethod='<IDEDistributionMethodAdHoc: 0x7f9c34bbda40>', team='<IDEProvisioningBasicTeam: 0x7f9c34c31a70; teamID='2DDUUEN2WS', teamName='William Stomp'>'>
	<IDEDistributionContext: 0x7f9c1d33ebc0; archive = '<IDEArchive: 0x7f9c38845b40>', distributionMethod='<IDEDistributionMethodAdHoc: 0x7f9c34bbda40>', team='(null)'>
	<IDEDistributionContext: 0x7f9c388ef870; archive = '<IDEArchive: 0x7f9c38845b40>', distributionMethod='(null)', team='(null)'>
</IDEDistributionProcessingPipelineContext: 0x7f9c37075a60>
2018-05-15 12:15:13 +0000  Processing step: IDEDistributionCreateDestRootStep
2018-05-15 12:15:13 +0000  Processing step: IDEDistributionCopyItemStep
2018-05-15 12:15:13 +0000  Running /usr/bin/ditto '-V' '/Users/apple/Library/Developer/Xcode/Archives/2018-05-15/TankSpotterApp 15-05-18, 5.41 PM.xcarchive/Products/Applications/TankSpotterApp.app' '/var/folders/zm/tbv58ms92f53bq7k87tykr7w0000gn/T/XcodeDistPipeline.z2o/Root/Payload/TankSpotterApp.app'
2018-05-15 12:15:13 +0000  >>> Copying /Users/apple/Library/Developer/Xcode/Archives/2018-05-15/TankSpotterApp 15-05-18, 5.41 PM.xcarchive/Products/Applications/TankSpotterApp.app 
2018-05-15 12:15:13 +0000  copying file ./NaturalGasPreview.nib ... 
2018-05-15 12:15:13 +0000  2497 bytes for ./NaturalGasPreview.nib
2018-05-15 12:15:13 +0000  copying file ./EstimatePreviewVC.nib ... 
2018-05-15 12:15:13 +0000  18418 bytes for ./EstimatePreviewVC.nib
2018-05-15 12:15:13 +0000  copying file ./_CodeSignature/CodeResources ... 
2018-05-15 12:15:13 +0000  69265 bytes for ./_CodeSignature/CodeResources
2018-05-15 12:15:13 +0000  copying file ./radio_no.png ... 
2018-05-15 12:15:13 +0000  3983 bytes for ./radio_no.png
2018-05-15 12:15:13 +0000  copying file ./LeakCheck_form2VC.nib ... 
2018-05-15 12:15:13 +0000  2472 bytes for ./LeakCheck_form2VC.nib
2018-05-15 12:15:13 +0000  copying file ./CustomJobCell.nib ... 
2018-05-15 12:15:13 +0000  6727 bytes for ./CustomJobCell.nib
2018-05-15 12:15:13 +0000  copying file ./PartView.nib ... 
2018-05-15 12:15:13 +0000  3918 bytes for ./PartView.nib
2018-05-15 12:15:13 +0000  copying file ./SettingViewController~ipad.nib ... 
2018-05-15 12:15:13 +0000  14131 bytes for ./SettingViewController~ipad.nib
2018-05-15 12:15:13 +0000  copying file ./SelectCustomer.nib ... 
2018-05-15 12:15:13 +0000  4307 bytes for ./SelectCustomer.nib
2018-05-15 12:15:13 +0000  copying file ./icon_cathodic.png ... 
2018-05-15 12:15:13 +0000  5945 bytes for ./icon_cathodic.png
2018-05-15 12:15:13 +0000  copying file ./AppIcon20x20@2x.png ... 
2018-05-15 12:15:13 +0000  4885 bytes for ./AppIcon20x20@2x.png
2018-05-15 12:15:13 +0000  copying file ./marker_our_tank.png ... 
2018-05-15 12:15:13 +0000  1625 bytes for ./marker_our_tank.png
2018-05-15 12:15:13 +0000  copying file ./TankListCell~ipad.nib ... 
2018-05-15 12:15:13 +0000  4257 bytes for ./TankListCell~ipad.nib
2018-05-15 12:15:13 +0000  copying file ./TankListCell.nib ... 
2018-05-15 12:15:13 +0000  4308 bytes for ./TankListCell.nib
2018-05-15 12:15:13 +0000  copying file ./TankSpotterApp ... 
2018-05-15 12:15:14 +0000  87189392 bytes for ./TankSpotterApp
copying file ./Cathodic_Form3VC.nib ... 
2018-05-15 12:15:14 +0000  2475 bytes for ./Cathodic_Form3VC.nib
copying file ./icon_form.png ... 
1941 bytes for ./icon_form.png
copying file ./Alert4.nib ... 
3485 bytes for ./Alert4.nib
copying file ./disclaimer.png ... 
2128 bytes for ./disclaimer.png
copying file ./ic_propanecheck.png ... 
23313 bytes for ./ic_propanecheck.png
copying file ./PLAYVIDEOBUTTON.png ... 
3246 bytes for ./PLAYVIDEOBUTTON.png
copying file ./PopUpVC.nib ... 
3784 bytes for ./PopUpVC.nib
copying file ./VehicleCheckListPreview.nib ... 
3257 bytes for ./VehicleCheckListPreview.nib
copying file ./ic_estimator.png ... 
38860 bytes for ./ic_estimator.png
copying file ./icon_calender.png ... 
2522 bytes for ./icon_calender.png
copying file ./LPGCheckSystemPressure.nib ... 
2474 bytes for ./LPGCheckSystemPressure.nib
copying file ./StoragePlantEmergency.nib ... 
2585 bytes for ./StoragePlantEmergency.nib
copying file ./EditCustomerListViewController.nib ... 
3867 bytes for ./EditCustomerListViewController.nib
copying file ./PlantInspection.nib ... 
3352 bytes for ./PlantInspection.nib
copying file ./PreDeliveryChecklistForm1.nib ... 
3363 bytes for ./PreDeliveryChecklistForm1.nib
copying file ./LeakCheckPreview.nib ... 
2489 bytes for ./LeakCheckPreview.nib
copying file ./PartCell.nib ... 
3486 bytes for ./PartCell.nib
copying file ./CustomCell.nib ... 
5959 bytes for ./CustomCell.nib
copying file ./-.png ... 
117 bytes for ./-.png
copying file ./Alert1.nib ... 
4382 bytes for ./Alert1.nib
copying file ./AppIcon20x20@3x.png ... 
7702 bytes for ./AppIcon20x20@3x.png
copying file ./ShowDetailsViewController.nib ... 
22771 bytes for ./ShowDetailsViewController.nib
copying file ./PropaneCheckVCHistoryCell.nib ... 
3093 bytes for ./PropaneCheckVCHistoryCell.nib
copying file ./PropaneEmergencyShuttOffPreview.nib ... 
2503 bytes for ./PropaneEmergencyShuttOffPreview.nib
copying file ./AnodeAlert.nib ... 
4597 bytes for ./AnodeAlert.nib
copying file ./VehicleCheckList.nib ... 
3340 bytes for ./VehicleCheckList.nib
copying file ./icon_history.png ... 
5072 bytes for ./icon_history.png
copying file ./EstimateHistoryCell.nib ... 
4457 bytes for ./EstimateHistoryCell.nib
copying file ./TankDocsVC.nib ... 
2282 bytes for ./TankDocsVC.nib
copying file ./Alert3.nib ... 
3298 bytes for ./Alert3.nib
copying file ./HeatingSystemInspection.nib ... 
2299 bytes for ./HeatingSystemInspection.nib
copying file ./discount.png ... 
456 bytes for ./discount.png
copying file ./PreDeliveryChecklistForm2.nib ... 
2590 bytes for ./PreDeliveryChecklistForm2.nib
copying file ./PropaneEquLease.nib ... 
2321 bytes for ./PropaneEquLease.nib
copying file ./ExcavationTrenching.nib ... 
2304 bytes for ./ExcavationTrenching.nib
copying file ./TankListView.nib ... 
5661 bytes for ./TankListView.nib
copying file ./InstallationPreview.nib ... 
3262 bytes for ./InstallationPreview.nib
copying file ./FuelDeliveryRelase.nib ... 
2335 bytes for ./FuelDeliveryRelase.nib
copying file ./marker_safety.png ... 
1700 bytes for ./marker_safety.png
copying file ./FillUpCalculator.nib ... 
2182 bytes for ./FillUpCalculator.nib
copying file ./Alert2.nib ... 
4346 bytes for ./Alert2.nib
copying file ./CreateNewJobVC.nib ... 
22149 bytes for ./CreateNewJobVC.nib
copying file ./setting1.png ... 
313 bytes for ./setting1.png
copying file ./address.png ... 
669 bytes for ./address.png
copying file ./OilTankInspection.nib ... 
2281 bytes for ./OilTankInspection.nib
copying file ./CalendarHomeVC.nib ... 
22094 bytes for ./CalendarHomeVC.nib
copying file ./MeterReaderHistory.nib ... 
3610 bytes for ./MeterReaderHistory.nib
copying file ./EmergencySpillReport.nib ... 
2587 bytes for ./EmergencySpillReport.nib
copying file ./MapITViewController.nib ... 
2823 bytes for ./MapITViewController.nib
copying file ./AppIcon60x60@2x.png ... 
16608 bytes for ./AppIcon60x60@2x.png
copying file ./ChooseAssignedVC.nib ... 
3729 bytes for ./ChooseAssignedVC.nib
copying file ./untick_btn.png ... 
3433 bytes for ./untick_btn.png
copying file ./LeakCheck_form1VC.nib ... 
2740 bytes for ./LeakCheck_form1VC.nib
copying file ./comments.png ... 
1105 bytes for 
2018-05-15 12:15:14 +0000  ./comments.png
copying file ./AppIcon29x29@2x.png ... 
7416 bytes for ./AppIcon29x29@2x.png
copying file ./CustomHourlyRate.nib ... 
3093 bytes for ./CustomHourlyRate.nib
copying file ./simple_txt_img.png ... 
3041 bytes for ./simple_txt_img.png
copying file ./cancel.png ... 
2161 bytes for ./cancel.png
copying file ./TanksFinder.nib ... 
8060 bytes for ./TanksFinder.nib
copying file ./FeedbackView.nib ... 
4366 bytes for ./FeedbackView.nib
copying file ./marker_fuel_company.png ... 
1586 bytes for ./marker_fuel_company.png
copying file ./ic_tankfinder.png ... 
162203 bytes for ./ic_tankfinder.png
copying file ./arrow@2x.png ... 
731 bytes for ./arrow@2x.png
copying file ./TankFinderCollectionViewCell.nib ... 
1738 bytes for ./TankFinderCollectionViewCell.nib
copying file ./TanksFinder~ipad.nib ... 
14526 bytes for ./TanksFinder~ipad.nib
copying file ./EstimateViewController.nib ... 
2018-05-15 12:15:14 +0000  12690 bytes for ./EstimateViewController.nib
2018-05-15 12:15:14 +0000  copying file ./LPGCheckForm4.nib ... 
2018-05-15 12:15:14 +0000  2476 bytes for ./LPGCheckForm4.nib
2018-05-15 12:15:14 +0000  copying file ./AppIcon40x40@3x.png ... 
2018-05-15 12:15:14 +0000  16604 bytes for ./AppIcon40x40@3x.png
2018-05-15 12:15:14 +0000  copying file ./MultiSelectView.nib ... 
2018-05-15 12:15:14 +0000  4471 bytes for ./MultiSelectView.nib
2018-05-15 12:15:14 +0000  copying file ./TankSpottedVC.nib ... 
2018-05-15 12:15:14 +0000  4030 bytes for ./TankSpottedVC.nib
2018-05-15 12:15:14 +0000  copying file ./EstimatorVC.nib ... 
2018-05-15 12:15:14 +0000  2272 bytes for ./EstimatorVC.nib
2018-05-15 12:15:14 +0000  copying file ./AppIcon29x29~ipad.png ... 
2018-05-15 12:15:14 +0000  3568 bytes for ./AppIcon29x29~ipad.png
2018-05-15 12:15:14 +0000  copying file ./OccupancyCertificate.nib ... 
2018-05-15 12:15:14 +0000  2336 bytes for ./OccupancyCertificate.nib
2018-05-15 12:15:14 +0000  copying file ./AppIcon40x40@2x.png ... 
2018-05-15 12:15:14 +0000  10251 bytes for ./AppIcon40x40@2x.png
2018-05-15 12:15:14 +0000  copying file ./PropaneCheckVCHistory.nib ... 
2018-05-15 12:15:14 +0000  3896 bytes for ./PropaneCheckVCHistory.nib
2018-05-15 12:15:14 +0000  copying file ./arrow.png ... 
2018-05-15 12:15:14 +0000  725 bytes for ./arrow.png
2018-05-15 12:15:14 +0000  copying file ./VoiceRecognizationView.nib ... 
2018-05-15 12:15:14 +0000  3794 bytes for ./VoiceRecognizationView.nib
2018-05-15 12:15:14 +0000  copying file ./ic_feedback.png ... 
2018-05-15 12:15:14 +0000  75456 bytes for ./ic_feedback.png
2018-05-15 12:15:14 +0000  copying file ./PropaneEmergencyShuttOff.nib ... 
2018-05-15 12:15:14 +0000  2587 bytes for ./PropaneEmergencyShuttOff.nib
2018-05-15 12:15:14 +0000  copying file ./OurTankViewController.nib ... 
2018-05-15 12:15:14 +0000  14116 bytes for ./OurTankViewController.nib
2018-05-15 12:15:14 +0000  copying file ./AppIcon29x29@3x.png ... 
2018-05-15 12:15:14 +0000  12187 bytes for ./AppIcon29x29@3x.png
2018-05-15 12:15:14 +0000  copying file ./Cathodic_Form6VC.nib ... 
2018-05-15 12:15:14 +0000  2479 bytes for ./Cathodic_Form6VC.nib
2018-05-15 12:15:14 +0000  copying file ./EstimatePopupVC.nib ... 
2018-05-15 12:15:14 +0000  2939 bytes for ./EstimatePopupVC.nib
2018-05-15 12:15:14 +0000  copying file ./marker_maint.png ... 
2018-05-15 12:15:14 +0000  1727 bytes for ./marker_maint.png
2018-05-15 12:15:14 +0000  copying file ./PlantInspectionPreview.nib ... 
2018-05-15 12:15:14 +0000  3267 bytes for ./PlantInspectionPreview.nib
2018-05-15 12:15:14 +0000  copying file ./SignCaptureVC.nib ... 
2018-05-15 12:15:14 +0000  2415 bytes for ./SignCaptureVC.nib
2018-05-15 12:15:14 +0000  copying file ./MultiSelectCell.nib ... 
2018-05-15 12:15:14 +0000  3325 bytes for ./MultiSelectCell.nib
2018-05-15 12:15:14 +0000  copying file ./icon_bulk.png ... 
2018-05-15 12:15:14 +0000  3978 bytes for ./icon_bulk.png
2018-05-15 12:15:14 +0000  copying file ./AppIcon60x60@3x.png ... 
2018-05-15 12:15:14 +0000  25969 bytes for ./AppIcon60x60@3x.png
2018-05-15 12:15:14 +0000  copying file ./Base.lproj/Main.storyboardc/nvController.nib ... 
2018-05-15 12:15:14 +0000  2094 bytes for ./Base.lproj/Main.storyboardc/nvController.nib
2018-05-15 12:15:14 +0000  copying file ./Base.lproj/Main.storyboardc/BYZ-38-t0r-view-8bC-Xf-vdC.nib ... 
2018-05-15 12:15:14 +0000  7897 bytes for ./Base.lproj/Main.storyboardc/BYZ-38-t0r-view-8bC-Xf-vdC.nib
2018-05-15 12:15:14 +0000  copying file ./Base.lproj/Main.storyboardc/Info.plist ... 
2018-05-15 12:15:14 +0000  193 bytes for ./Base.lproj/Main.storyboardc/Info.plist
2018-05-15 12:15:14 +0000  copying file ./Base.lproj/LaunchScreen.storyboardc/01J-lp-oVM-view-Ze5-6b-2t3.nib ... 
2018-05-15 12:15:14 +0000  2276 bytes for ./Base.lproj/LaunchScreen.storyboardc/01J-lp-oVM-view-Ze5-6b-2t3.nib
2018-05-15 12:15:14 +0000  copying file ./Base.lproj/LaunchScreen.storyboardc/UIViewController-01J-lp-oVM.nib ... 
2018-05-15 12:15:14 +0000  832 bytes for ./Base.lproj/LaunchScreen.storyboardc/UIViewController-01J-lp-oVM.nib
2018-05-15 12:15:14 +0000  copying file ./Base.lproj/LaunchScreen.storyboardc/Info.plist ... 
2018-05-15 12:15:14 +0000  258 bytes for ./Base.lproj/LaunchScreen.storyboardc/Info.plist
2018-05-15 12:15:14 +0000  copying file ./LPGCheckForm2.nib ... 
2018-05-15 12:15:14 +0000  2474 bytes for ./LPGCheckForm2.nib
copying file ./NewCustomerPropanePreview.nib ... 
2018-05-15 12:15:14 +0000  2514 bytes for ./NewCustomerPropanePreview.nib
2018-05-15 12:15:14 +0000  copying file ./TrenchingRelease.nib ... 
2018-05-15 12:15:14 +0000  2291 bytes for ./TrenchingRelease.nib
2018-05-15 12:15:14 +0000  copying file ./icon_estimate.png ... 
2018-05-15 12:15:14 +0000  5693 bytes for ./icon_estimate.png
2018-05-15 12:15:14 +0000  copying file ./FuelEquipLease.nib ... 
2018-05-15 12:15:14 +0000  2290 bytes for ./FuelEquipLease.nib
2018-05-15 12:15:14 +0000  copying file ./ic_tankdocs.png ... 
2018-05-15 12:15:14 +0000  39310 bytes for ./ic_tankdocs.png
2018-05-15 12:15:14 +0000  copying file ./LPSafetyCheck_Form6.nib ... 
2018-05-15 12:15:14 +0000  3032 bytes for ./LPSafetyCheck_Form6.nib
2018-05-15 12:15:14 +0000  copying file ./CustomerForm.nib ... 
2018-05-15 12:15:14 +0000  2474 bytes for ./CustomerForm.nib
2018-05-15 12:15:14 +0000  copying file ./SnowIceRemovalPreview.nib ... 
2018-05-15 12:15:14 +0000  2499 bytes for ./SnowIceRemovalPreview.nib
2018-05-15 12:15:14 +0000  copying file ./ic_mark.png ... 
2018-05-15 12:15:14 +0000  1293 bytes for ./ic_mark.png
2018-05-15 12:15:14 +0000  copying file ./DeliveryPropaneForm.nib ... 
2018-05-15 12:15:14 +0000  12022 bytes for ./DeliveryPropaneForm.nib
copying file ./TankSalesLeadViewController.nib ... 
2018-05-15 12:15:14 +0000  15149 bytes for ./TankSalesLeadViewController.nib
2018-05-15 12:15:14 +0000  copying file ./ChooseServiceCell.nib ... 
2018-05-15 12:15:14 +0000  4494 bytes for ./ChooseServiceCell.nib
2018-05-15 12:15:14 +0000  copying file ./CalJobListVC.nib ... 
2018-05-15 12:15:14 +0000  3732 bytes for ./CalJobListVC.nib
2018-05-15 12:15:14 +0000  copying file ./LPGCheck.nib ... 
2018-05-15 12:15:14 +0000  2475 bytes for ./LPGCheck.nib
copying file ./TankPickUpRequest.nib ... 
2018-05-15 12:15:14 +0000  2322 bytes for ./TankPickUpRequest.nib
2018-05-15 12:15:14 +0000  copying file ./BulkYardViewController.nib ... 
2018-05-15 12:15:14 +0000  12386 bytes for ./BulkYardViewController.nib
2018-05-15 12:15:14 +0000  copying file ./CustomEmailAlert~ipad.nib ... 
2018-05-15 12:15:14 +0000  5753 bytes for ./CustomEmailAlert~ipad.nib
2018-05-15 12:15:14 +0000  copying file ./InstallationForm1.nib ... 
2018-05-15 12:15:14 +0000  2525 bytes for ./InstallationForm1.nib
2018-05-15 12:15:14 +0000  copying file ./InstallationForm3.nib ... 
2018-05-15 12:15:14 +0000  2503 bytes for ./InstallationForm3.nib
2018-05-15 12:15:14 +0000  copying file ./radio_no_pdf.png ... 
2018-05-15 12:15:14 +0000  817 bytes for ./radio_no_pdf.png
2018-05-15 12:15:14 +0000  copying file ./ItemsListVC.nib ... 
2018-05-15 12:15:14 +0000  2283 bytes for ./ItemsListVC.nib
2018-05-15 12:15:14 +0000  copying file ./Assets.car ... 
2018-05-15 12:15:14 +0000  3549312 bytes for ./Assets.car
copying file ./PreDeliveryChecklistPreview.nib ... 
2018-05-15 12:15:14 +0000  3265 bytes for ./PreDeliveryChecklistPreview.nib
copying file ./CustomEmailAlert.nib ... 
5683 bytes for ./CustomEmailAlert.nib
copying file ./AppIcon40x40@2x~ipad.png ... 
9668 bytes for ./AppIcon40x40@2x~ipad.png
copying file ./HistoryEstimateVC.nib ... 
4187 bytes for ./HistoryEstimateVC.nib
copying file ./tax.png ... 
514 bytes for ./tax.png
copying file ./AppIcon76x76@2x~ipad.png ... 
24222 bytes for ./AppIcon76x76@2x~ipad.png
copying file ./ic_meterreader.png ... 
28431 bytes for ./ic_meterreader.png
copying file ./InstallationForm2.nib ... 
2520 bytes for ./InstallationForm2.nib
copying file ./TankListView~ipad.nib ... 
5440 bytes for ./TankListView~ipad.nib
copying file ./InstallationForm6.nib ... 
2478 bytes for ./InstallationForm6.nib
copying file ./EstimateCollectionViewCell.nib ... 
1736 bytes for ./EstimateCollectionViewCell.nib
copying file ./marker_sales_lead.png ... 
1639 bytes for ./marker_sales_lead.png
copying file ./Cross.png ... 
271 bytes for ./Cross.png
copying file ./RoutineCustomerInspection.nib ... 
2301 bytes for ./RoutineCustomerInspection.nib
copying file ./ChooseServiceView.nib ... 
3500 bytes for ./ChooseServiceView.nib
copying file ./TankDocsHistory.nib ... 
6346 bytes for ./TankDocsHistory.nib
copying file ./TankCounterView.nib ... 
2525 bytes for ./TankCounterView.nib
copying file ./TankDocsHistoryCell.nib ... 
4700 bytes for ./TankDocsHistoryCell.nib
copying file ./radio_yes_pdf.png ... 
806 bytes for ./radio_yes_pdf.png
copying file ./InstallationForm7.nib ... 
2481 bytes for ./InstallationForm7.nib
copying file ./InstallationForm5.nib ... 
2018-05-15 12:15:14 +0000  3285 bytes for ./InstallationForm5.nib
copying file ./AppIcon83.5x83.5@2x~ipad.png ... 
2018-05-15 12:15:14 +0000  25564 bytes for ./AppIcon83.5x83.5@2x~ipad.png
2018-05-15 12:15:14 +0000  copying file ./SafetyIssueViewController.nib ... 
2018-05-15 12:15:14 +0000  14653 bytes for ./SafetyIssueViewController.nib
2018-05-15 12:15:14 +0000  copying file ./pipe_main.PNG ... 
2018-05-15 12:15:14 +0000  5609 bytes for ./pipe_main.PNG
2018-05-15 12:15:14 +0000  copying file ./ShowTankSizeTableViewCell.nib ... 
2018-05-15 12:15:14 +0000  3451 bytes for ./ShowTankSizeTableViewCell.nib
2018-05-15 12:15:14 +0000  copying file ./SnowIceRemovalForm.nib ... 
2018-05-15 12:15:14 +0000  2584 bytes for ./SnowIceRemovalForm.nib
2018-05-15 12:15:14 +0000  copying file ./tic_button.png ... 
2018-05-15 12:15:14 +0000  2548 bytes for ./tic_button.png
copying file ./phone.png ... 
2018-05-15 12:15:14 +0000  1366 bytes for ./phone.png
2018-05-15 12:15:14 +0000  copying file ./AddCustomerViewController.nib ... 
2018-05-15 12:15:14 +0000  6193 bytes for ./AddCustomerViewController.nib
2018-05-15 12:15:14 +0000  copying file ./CustomAlert.nib ... 
2018-05-15 12:15:14 +0000  4209 bytes for ./CustomAlert.nib
2018-05-15 12:15:14 +0000  copying file ./DashboardVC.nib ... 
2018-05-15 12:15:14 +0000  2677 bytes for ./DashboardVC.nib
2018-05-15 12:15:14 +0000  copying file ./InstallationForm4.nib ... 
2018-05-15 12:15:14 +0000  3234 bytes for ./InstallationForm4.nib
2018-05-15 12:15:14 +0000  copying file ./TankPopupVC.nib ... 
2018-05-15 12:15:14 +0000  2540 bytes for ./TankPopupVC.nib
2018-05-15 12:15:14 +0000  copying file ./ChooseEstimatesVC.nib ... 
2018-05-15 12:15:14 +0000  4037 bytes for ./ChooseEstimatesVC.nib
2018-05-15 12:15:14 +0000  copying file ./unchecked.png ... 
2018-05-15 12:15:14 +0000  943 bytes for ./unchecked.png
2018-05-15 12:15:14 +0000  copying file ./TestWorkBook.xlsx ... 
2018-05-15 12:15:14 +0000  3634 bytes for ./TestWorkBook.xlsx
2018-05-15 12:15:14 +0000  copying file ./ViewJobVC.nib ... 
2018-05-15 12:15:14 +0000  22791 bytes for ./ViewJobVC.nib
2018-05-15 12:15:14 +0000  copying file ./AppIcon29x29@2x~ipad.png ... 
2018-05-15 12:15:14 +0000  7912 bytes for ./AppIcon29x29@2x~ipad.png
2018-05-15 12:15:14 +0000  copying file ./radio_yes.png ... 
2018-05-15 12:15:14 +0000  4808 bytes for ./radio_yes.png
2018-05-15 12:15:14 +0000  copying file ./edit.png ... 
2018-05-15 12:15:14 +0000  1418 bytes for ./edit.png
2018-05-15 12:15:14 +0000  copying file ./EditCustomerTableViewCell.nib ... 
2018-05-15 12:15:14 +0000  3687 bytes for ./EditCustomerTableViewCell.nib
2018-05-15 12:15:14 +0000  copying file ./ic_fillupcal.png ... 
2018-05-15 12:15:14 +0000  22875 bytes for ./ic_fillupcal.png
2018-05-15 12:15:14 +0000  copying file ./NewAccountSheet.nib ... 
2018-05-15 12:15:14 +0000  2590 bytes for ./NewAccountSheet.nib
2018-05-15 12:15:14 +0000  copying file ./LPSaftyCheckPreview.nib ... 
2018-05-15 12:15:14 +0000  2496 bytes for ./LPSaftyCheckPreview.nib
2018-05-15 12:15:14 +0000  copying file ./untic_buttton.png ... 
2018-05-15 12:15:14 +0000  943 bytes for ./untic_buttton.png
2018-05-15 12:15:14 +0000  copying file ./FirstFillOilInspection.nib ... 
2018-05-15 12:15:14 +0000  2299 bytes for ./FirstFillOilInspection.nib
2018-05-15 12:15:14 +0000  copying file ./AppIcon40x40~ipad.png ... 
2018-05-15 12:15:14 +0000  4885 bytes for ./AppIcon40x40~ipad.png
2018-05-15 12:15:14 +0000  copying file ./HoseInspection.nib ... 
2018-05-15 12:15:14 +0000  2294 bytes for ./HoseInspection.nib
2018-05-15 12:15:14 +0000  copying file ./ImageDeleteView.nib ... 
2018-05-15 12:15:14 +0000  2593 bytes for ./ImageDeleteView.nib
2018-05-15 12:15:14 +0000  copying file ./AppIcon20x20~ipad.png ... 
2018-05-15 12:15:14 +0000  2568 bytes for ./AppIcon20x20~ipad.png
2018-05-15 12:15:14 +0000  copying file ./ic_tankcounter.png ... 
2018-05-15 12:15:14 +0000  23796 bytes for ./ic_tankcounter.png
2018-05-15 12:15:14 +0000  copying file ./embedded.mobileprovision ... 
2018-05-15 12:15:14 +0000  10238 bytes for ./embedded.mobileprovision
2018-05-15 12:15:14 +0000  copying file ./SVProgressHUD.bundle/info.png ... 
2018-05-15 12:15:14 +0000  3527 bytes for ./SVProgressHUD.bundle/info.png
2018-05-15 12:15:14 +0000  copying file ./SVProgressHUD.bundle/error@3x.png ... 
2018-05-15 12:15:14 +0000  2315 bytes for ./SVProgressHUD.bundle/error@3x.png
2018-05-15 12:15:14 +0000  copying file ./SVProgressHUD.bundle/angle-mask@3x.png ... 
2018-05-15 12:15:14 +0000  9389 bytes for ./SVProgressHUD.bundle/angle-mask@3x.png
2018-05-15 12:15:14 +0000  copying file ./SVProgressHUD.bundle/angle-mask@2x.png ... 
2018-05-15 12:15:14 +0000  5614 bytes for ./SVProgressHUD.bundle/angle-mask@2x.png
2018-05-15 12:15:14 +0000  copying file ./SVProgressHUD.bundle/error@2x.png ... 
2018-05-15 12:15:14 +0000  1137 bytes for ./SVProgressHUD.bundle/error@2x.png
2018-05-15 12:15:14 +0000  copying file ./SVProgressHUD.bundle/info@3x.png ... 
2018-05-15 12:15:14 +0000  6585 bytes for ./SVProgressHUD.bundle/info@3x.png
copying file ./SVProgressHUD.bundle/success@2x.png ... 
2018-05-15 12:15:14 +0000  811 bytes for ./SVProgressHUD.bundle/success@2x.png
2018-05-15 12:15:14 +0000  copying file ./SVProgressHUD.bundle/success@3x.png ... 
2018-05-15 12:15:14 +0000  1576 bytes for ./SVProgressHUD.bundle/success@3x.png
2018-05-15 12:15:14 +0000  copying file ./SVProgressHUD.bundle/info@2x.png ... 
2018-05-15 12:15:14 +0000  4852 bytes for ./SVProgressHUD.bundle/info@2x.png
2018-05-15 12:15:14 +0000  copying file ./SVProgressHUD.bundle/error.png ... 
2018-05-15 12:15:14 +0000  455 bytes for ./SVProgressHUD.bundle/error.png
2018-05-15 12:15:14 +0000  copying file ./SVProgressHUD.bundle/success.png ... 
2018-05-15 12:15:14 +0000  349 bytes for ./SVProgressHUD.bundle/success.png
2018-05-15 12:15:14 +0000  copying file ./SVProgressHUD.bundle/angle-mask.png ... 
2018-05-15 12:15:14 +0000  3482 bytes for ./SVProgressHUD.bundle/angle-mask.png
2018-05-15 12:15:14 +0000  copying file ./NewCustomerPropaneForm2.nib ... 
2018-05-15 12:15:14 +0000  2494 bytes for ./NewCustomerPropaneForm2.nib
2018-05-15 12:15:14 +0000  copying file ./Cathodic_Form1.nib ... 
2018-05-15 12:15:14 +0000  2472 bytes for ./Cathodic_Form1.nib
2018-05-15 12:15:14 +0000  copying file ./SettingViewController.nib ... 
2018-05-15 12:15:14 +0000  11374 bytes for ./SettingViewController.nib
2018-05-15 12:15:14 +0000  copying file ./TankSpottedTableViewCell.nib ... 
2018-05-15 12:15:14 +0000  3346 bytes for ./TankSpottedTableViewCell.nib
2018-05-15 12:15:14 +0000  copying file ./LeadSizesTableViewCell.nib ... 
2018-05-15 12:15:14 +0000  3909 bytes for ./LeadSizesTableViewCell.nib
2018-05-15 12:15:14 +0000  copying file ./icon_leak.png ... 
2018-05-15 12:15:14 +0000  4765 bytes for ./icon_leak.png
2018-05-15 12:15:14 +0000  copying file ./tank_main.PNG ... 
2018-05-15 12:15:14 +0000  5794 bytes for ./tank_main.PNG
2018-05-15 12:15:14 +0000  copying file ./ic_ourtank.png ... 
2018-05-15 12:15:14 +0000  1536 bytes for ./ic_ourtank.png
2018-05-15 12:15:14 +0000  copying file ./MeterReaderHistoryCell.nib ... 
2018-05-15 12:15:14 +0000  4023 bytes for ./MeterReaderHistoryCell.nib
2018-05-15 12:15:14 +0000  copying file ./NewCustomerPropaneForm3.nib ... 
2018-05-15 12:15:14 +0000  2493 bytes for ./NewCustomerPropaneForm3.nib
2018-05-15 12:15:14 +0000  copying file ./tick_btn.png ... 
2018-05-15 12:15:14 +0000  3987 bytes for ./tick_btn.png
2018-05-15 12:15:14 +0000  copying file ./AppIcon20x20@2x~ipad.png ... 
2018-05-15 12:15:14 +0000  4885 bytes for ./AppIcon20x20@2x~ipad.png
2018-05-15 12:15:14 +0000  copying file ./NewAccountSheetPreview.nib ... 
2018-05-15 12:15:14 +0000  2504 bytes for ./NewAccountSheetPreview.nib
2018-05-15 12:15:14 +0000  copying file ./Info.plist ... 
2018-05-15 12:15:14 +0000  2277 bytes for ./Info.plist
2018-05-15 12:15:14 +0000  copying file ./MeterReaderView.nib ... 
2018-05-15 12:15:14 +0000  2520 bytes for ./MeterReaderView.nib
2018-05-15 12:15:14 +0000  copying file ./NaturalGasForm1.nib ... 
2018-05-15 12:15:14 +0000  2584 bytes for ./NaturalGasForm1.nib
2018-05-15 12:15:14 +0000  copying file ./EditPartView.nib ... 
2018-05-15 12:15:14 +0000  4815 bytes for ./EditPartView.nib
copying file ./NewCustomerPropaneForm1.nib ... 
2018-05-15 12:15:14 +0000  2546 bytes for ./NewCustomerPropaneForm1.nib
2018-05-15 12:15:14 +0000  copying file ./PropaneCheckVC.nib ... 
2018-05-15 12:15:14 +0000  2243 bytes for ./PropaneCheckVC.nib
2018-05-15 12:15:14 +0000  copying file ./DeliveryPropaneFormPreview.nib ... 
2018-05-15 12:15:14 +0000  7917 bytes for ./DeliveryPropaneFormPreview.nib
2018-05-15 12:15:14 +0000  copying file ./TankSpottedViewController.nib ... 
2018-05-15 12:15:14 +0000  9657 bytes for ./TankSpottedViewController.nib
2018-05-15 12:15:14 +0000  copying file ./PkgInfo ... 
2018-05-15 12:15:14 +0000  8 bytes for ./PkgInfo
2018-05-15 12:15:14 +0000  copying file ./DotTankPickUp.nib ... 
2018-05-15 12:15:14 +0000  2318 bytes for ./DotTankPickUp.nib
2018-05-15 12:15:14 +0000  copying file ./cancel1.png ... 
2018-05-15 12:15:14 +0000  717 bytes for ./cancel1.png
copying file ./LPTankSetVC.nib ... 
2018-05-15 12:15:14 +0000  2285 bytes for ./LPTankSetVC.nib
2018-05-15 12:15:14 +0000  copying file ./EditCustomerViewController.nib ... 
2018-05-15 12:15:14 +0000  6404 bytes for ./EditCustomerViewController.nib
2018-05-15 12:15:14 +0000  copying file ./AppIcon76x76~ipad.png ... 
2018-05-15 12:15:14 +0000  10000 bytes for ./AppIcon76x76~ipad.png
2018-05-15 12:15:14 +0000  copying file ./AssignedUserCell.nib ... 
2018-05-15 12:15:14 +0000  3028 bytes for ./AssignedUserCell.nib
2018-05-15 12:15:14 +0000  copying file ./EstimateForm2VC.nib ... 
2018-05-15 12:15:14 +0000  12752 bytes for ./EstimateForm2VC.nib
2018-05-15 12:15:14 +0000  copying file ./mic.png ... 
2018-05-15 12:15:14 +0000  1244 bytes for ./mic.png
2018-05-15 12:15:14 +0000  2018-05-15 12:15:14 +0000  

2018-05-15 12:15:14 +0000  /usr/bin/ditto exited with 02018-05-15 12:15:14 +0000  
2018-05-15 12:15:14 +0000  

2018-05-15 12:15:14 +0000  Processing step: IDEDistributionEmbedProfileStep
2018-05-15 12:15:14 +0000  Processing step: IDEDistributionAppThinningPlistStep
2018-05-15 12:15:14 +0000  Skipping step: IDEDistributionAppThinningPlistStep because it said so
2018-05-15 12:15:14 +0000  Processing step: IDEDistributionCompileBitcodeStep
2018-05-15 12:15:14 +0000  Skipping step: IDEDistributionCompileBitcodeStep because it said so
2018-05-15 12:15:14 +0000  Processing step: IDEDistributionCodeSlimmingStep
2018-05-15 12:15:14 +0000  Processing step: IDEDistributionCopyBCSymbolMapsStep
2018-05-15 12:15:14 +0000  Skipping step: IDEDistributionCopyBCSymbolMapsStep because it said so
2018-05-15 12:15:14 +0000  Processing step: IDEDistributionSymbolsStep
2018-05-15 12:15:14 +0000  Skipping step: IDEDistributionSymbolsStep because it said so
2018-05-15 12:15:14 +0000  Processing step: IDEDistributionAppThinningStep
2018-05-15 12:15:14 +0000  Skipping step: IDEDistributionAppThinningStep because it said so
2018-05-15 12:15:14 +0000  Processing step: IDEDistributionODRStep
2018-05-15 12:15:14 +0000  Processing step: IDEDistributionStripXattrsStep
2018-05-15 12:15:14 +0000  Running /usr/bin/xattr '-crs' '/var/folders/zm/tbv58ms92f53bq7k87tykr7w0000gn/T/XcodeDistPipeline.z2o/Root/Payload/TankSpotterApp.app'
2018-05-15 12:15:14 +0000  2018-05-15 12:15:14 +0000  

2018-05-15 12:15:14 +0000  /usr/bin/xattr exited with 0
2018-05-15 12:15:14 +0000  
2018-05-15 12:15:14 +0000  2018-05-15 12:15:14 +0000  Processing step: IDEDistributionCodesignStep

2018-05-15 12:15:14 +0000  Entitlements for <IDEDistributionItem: 0x7f9c1ad3cb90 'com.tankspotter' '<DVTFilePath:0x7f9c31637410:'/Users/apple/Library/Developer/Xcode/Archives/2018-05-15/TankSpotterApp 15-05-18, 5.41 PM.xcarchive/Products/Applications/TankSpotterApp.app'>'>: {
    "application-identifier" = "2DDUUEN2WS.com.tankspotter";
    "aps-environment" = production;
    "com.apple.developer.team-identifier" = 2DDUUEN2WS;
    "get-task-allow" = 0;
}
2018-05-15 12:15:14 +0000  Writing entitlements for <IDEDistributionItem: 0x7f9c1ad3cb90 'com.tankspotter' '<DVTFilePath:0x7f9c31637410:'/Users/apple/Library/Developer/Xcode/Archives/2018-05-15/TankSpotterApp 15-05-18, 5.41 PM.xcarchive/Products/Applications/TankSpotterApp.app'>'> to: /var/folders/zm/tbv58ms92f53bq7k87tykr7w0000gn/T/XcodeDistPipeline.z2o/entitlementsHN1rlJ
2018-05-15 12:15:14 +0000  Running /usr/bin/codesign '-vvv' '--force' '--sign' 'AD03EBE8BA7D90544F0FA5E0C8D387A8B994BF2D' '--preserve-metadata=identifier,flags' '--entitlements' '/var/folders/zm/tbv58ms92f53bq7k87tykr7w0000gn/T/XcodeDistPipeline.z2o/entitlementsHN1rlJ' '/var/folders/zm/tbv58ms92f53bq7k87tykr7w0000gn/T/XcodeDistPipeline.z2o/Root/Payload/TankSpotterApp.app'
2018-05-15 12:15:19 +0000  /var/folders/zm/tbv58ms92f53bq7k87tykr7w0000gn/T/XcodeDistPipeline.z2o/Root/Payload/TankSpotterApp.app: signed app bundle with Mach-O universal (armv7 arm64) [com.tankspotter]
2018-05-15 12:15:19 +0000  2018-05-15 12:15:19 +0000  
2018-05-15 12:15:19 +0000  /usr/bin/codesign exited with 0

2018-05-15 12:15:19 +0000  
2018-05-15 12:15:19 +0000  Processing step: IDEDistributionStreamingZipItemStep
2018-05-15 12:15:19 +0000  Skipping step: IDEDistributionStreamingZipItemStep because it said so
2018-05-15 12:15:19 +0000  Processing step: IDEDistributionCreateIPAStep
2018-05-15 12:15:19 +0000  Running /usr/bin/ditto '-V' '-c' '-k' '--norsrc' '/var/folders/zm/tbv58ms92f53bq7k87tykr7w0000gn/T/XcodeDistPipeline.z2o/Root' '/var/folders/zm/tbv58ms92f53bq7k87tykr7w0000gn/T/XcodeDistPipeline.z2o/Packages/TankSpotterApp.ipa'
2018-05-15 12:15:19 +0000  >>> Copying /var/folders/zm/tbv58ms92f53bq7k87tykr7w0000gn/T/XcodeDistPipeline.z2o/Root 
2018-05-15 12:15:19 +0000  copying file ./Payload/TankSpotterApp.app/NaturalGasPreview.nib ... 
2018-05-15 12:15:19 +0000  2497 bytes for ./Payload/TankSpotterApp.app/NaturalGasPreview.nib
2018-05-15 12:15:19 +0000  copying file ./Payload/TankSpotterApp.app/EstimatePreviewVC.nib ... 
2018-05-15 12:15:19 +0000  18418 bytes for ./Payload/TankSpotterApp.app/EstimatePreviewVC.nib
2018-05-15 12:15:19 +0000  copying file ./Payload/TankSpotterApp.app/_CodeSignature/CodeResources ... 
2018-05-15 12:15:19 +0000  69265 bytes for ./Payload/TankSpotterApp.app/_CodeSignature/CodeResources
2018-05-15 12:15:19 +0000  copying file ./Payload/TankSpotterApp.app/radio_no.png ... 
2018-05-15 12:15:19 +0000  3983 bytes for ./Payload/TankSpotterApp.app/radio_no.png
copying file ./Payload/TankSpotterApp.app/LeakCheck_form2VC.nib ... 
2018-05-15 12:15:19 +0000  2472 bytes for ./Payload/TankSpotterApp.app/LeakCheck_form2VC.nib
copying file ./Payload/TankSpotterApp.app/CustomJobCell.nib ... 
2018-05-15 12:15:19 +0000  6727 bytes for ./Payload/TankSpotterApp.app/CustomJobCell.nib
2018-05-15 12:15:19 +0000  copying file ./Payload/TankSpotterApp.app/PartView.nib ... 
2018-05-15 12:15:19 +0000  3918 bytes for ./Payload/TankSpotterApp.app/PartView.nib
copying file ./Payload/TankSpotterApp.app/SettingViewController~ipad.nib ... 
2018-05-15 12:15:19 +0000  14131 bytes for ./Payload/TankSpotterApp.app/SettingViewController~ipad.nib
2018-05-15 12:15:19 +0000  copying file ./Payload/TankSpotterApp.app/SelectCustomer.nib ... 
2018-05-15 12:15:19 +0000  4307 bytes for ./Payload/TankSpotterApp.app/SelectCustomer.nib
2018-05-15 12:15:19 +0000  copying file ./Payload/TankSpotterApp.app/icon_cathodic.png ... 
2018-05-15 12:15:19 +0000  5945 bytes for ./Payload/TankSpotterApp.app/icon_cathodic.png
2018-05-15 12:15:19 +0000  copying file ./Payload/TankSpotterApp.app/AppIcon20x20@2x.png ... 
2018-05-15 12:15:19 +0000  4885 bytes for ./Payload/TankSpotterApp.app/AppIcon20x20@2x.png
copying file ./Payload/TankSpotterApp.app/marker_our_tank.png ... 
2018-05-15 12:15:19 +0000  1625 bytes for ./Payload/TankSpotterApp.app/marker_our_tank.png
2018-05-15 12:15:19 +0000  copying file ./Payload/TankSpotterApp.app/TankListCell~ipad.nib ... 
2018-05-15 12:15:19 +0000  4257 bytes for ./Payload/TankSpotterApp.app/TankListCell~ipad.nib
2018-05-15 12:15:19 +0000  copying file ./Payload/TankSpotterApp.app/TankListCell.nib ... 
2018-05-15 12:15:19 +0000  4308 bytes for ./Payload/TankSpotterApp.app/TankListCell.nib
2018-05-15 12:15:19 +0000  copying file ./Payload/TankSpotterApp.app/TankSpotterApp ... 
2018-05-15 12:15:20 +0000  15394448 bytes for ./Payload/TankSpotterApp.app/TankSpotterApp
copying file ./Payload/TankSpotterApp.app/Cathodic_Form3VC.nib ... 
2018-05-15 12:15:20 +0000  2475 bytes for ./Payload/TankSpotterApp.app/Cathodic_Form3VC.nib
copying file ./Payload/TankSpotterApp.app/icon_form.png ... 
1941 bytes for ./Payload/TankSpotterApp.app/icon_form.png
copying file ./Payload/TankSpotterApp.app/Alert4.nib ... 
3485 bytes for ./Payload/TankSpotterApp.app/Alert4.nib
copying file ./Payload/TankSpotterApp.app/disclaimer.png ... 
2128 bytes for ./Payload/TankSpotterApp.app/disclaimer.png
copying file ./Payload/TankSpotterApp.app/ic_propanecheck.png ... 
23313 bytes for ./Payload/TankSpotterApp.app/ic_propanecheck.png
copying file ./Payload/TankSpotterApp.app/PLAYVIDEOBUTTON.png ... 
3246 bytes for ./Payload/TankSpotterApp.app/PLAYVIDEOBUTTON.png
copying file ./Payload/TankSpotterApp.app/PopUpVC.nib ... 
3784 bytes for ./Payload/TankSpotterApp.app/PopUpVC.nib
copying file ./Payload/TankSpotterApp.app/VehicleCheckListPreview.nib ... 
3257 bytes for ./Payload/TankSpotterApp.app/VehicleCheckListPreview.nib
copying file ./Payload/TankSpotterApp.app/ic_estimator.png ... 
2018-05-15 12:15:20 +0000  38860 bytes for ./Payload/TankSpotterApp.app/ic_estimator.png
copying file ./Payload/TankSpotterApp.app/icon_calender.png ... 
2018-05-15 12:15:20 +0000  2522 bytes for ./Payload/TankSpotterApp.app/icon_calender.png
copying file ./Payload/TankSpotterApp.app/LPGCheckSystemPressure.nib ... 
2018-05-15 12:15:20 +0000  2474 bytes for ./Payload/TankSpotterApp.app/LPGCheckSystemPressure.nib
2018-05-15 12:15:20 +0000  copying file ./Payload/TankSpotterApp.app/StoragePlantEmergency.nib ... 
2018-05-15 12:15:20 +0000  2585 bytes for ./Payload/TankSpotterApp.app/StoragePlantEmergency.nib
copying file ./Payload/TankSpotterApp.app/EditCustomerListViewController.nib ... 
2018-05-15 12:15:20 +0000  3867 bytes for ./Payload/TankSpotterApp.app/EditCustomerListViewController.nib
2018-05-15 12:15:20 +0000  copying file ./Payload/TankSpotterApp.app/PlantInspection.nib ... 
2018-05-15 12:15:20 +0000  3352 bytes for ./Payload/TankSpotterApp.app/PlantInspection.nib
copying file ./Payload/TankSpotterApp.app/PreDeliveryChecklistForm1.nib ... 
2018-05-15 12:15:20 +0000  3363 bytes for ./Payload/TankSpotterApp.app/PreDeliveryChecklistForm1.nib
2018-05-15 12:15:20 +0000  copying file ./Payload/TankSpotterApp.app/LeakCheckPreview.nib ... 
2018-05-15 12:15:20 +0000  2489 bytes for ./Payload/TankSpotterApp.app/LeakCheckPreview.nib
copying file ./Payload/TankSpotterApp.app/PartCell.nib ... 
2018-05-15 12:15:20 +0000  3486 bytes for ./Payload/TankSpotterApp.app/PartCell.nib
2018-05-15 12:15:20 +0000  copying file ./Payload/TankSpotterApp.app/CustomCell.nib ... 
2018-05-15 12:15:20 +0000  5959 bytes for ./Payload/TankSpotterApp.app/CustomCell.nib
2018-05-15 12:15:20 +0000  copying file ./Payload/TankSpotterApp.app/-.png ... 
117 bytes for ./Payload/TankSpotterApp.app/-.png
2018-05-15 12:15:20 +0000  copying file ./Payload/TankSpotterApp.app/Alert1.nib ... 
2018-05-15 12:15:20 +0000  4382 bytes for ./Payload/TankSpotterApp.app/Alert1.nib
2018-05-15 12:15:20 +0000  copying file ./Payload/TankSpotterApp.app/AppIcon20x20@3x.png ... 
2018-05-15 12:15:20 +0000  7702 bytes for ./Payload/TankSpotterApp.app/AppIcon20x20@3x.png
2018-05-15 12:15:20 +0000  copying file ./Payload/TankSpotterApp.app/ShowDetailsViewController.nib ... 
2018-05-15 12:15:20 +0000  22771 bytes for ./Payload/TankSpotterApp.app/ShowDetailsViewController.nib
copying file ./Payload/TankSpotterApp.app/PropaneCheckVCHistoryCell.nib ... 
2018-05-15 12:15:20 +0000  3093 bytes for ./Payload/TankSpotterApp.app/PropaneCheckVCHistoryCell.nib
copying file ./Payload/TankSpotterApp.app/PropaneEmergencyShuttOffPreview.nib ... 
2018-05-15 12:15:20 +0000  2503 bytes for ./Payload/TankSpotterApp.app/PropaneEmergencyShuttOffPreview.nib
2018-05-15 12:15:20 +0000  copying file ./Payload/TankSpotterApp.app/AnodeAlert.nib ... 
2018-05-15 12:15:20 +0000  4597 bytes for ./Payload/TankSpotterApp.app/AnodeAlert.nib
2018-05-15 12:15:20 +0000  copying file ./Payload/TankSpotterApp.app/VehicleCheckList.nib ... 
2018-05-15 12:15:20 +0000  3340 bytes for ./Payload/TankSpotterApp.app/VehicleCheckList.nib
2018-05-15 12:15:20 +0000  copying file ./Payload/TankSpotterApp.app/icon_history.png ... 
2018-05-15 12:15:20 +0000  5072 bytes for ./Payload/TankSpotterApp.app/icon_history.png
copying file ./Payload/TankSpotterApp.app/EstimateHistoryCell.nib ... 
2018-05-15 12:15:20 +0000  4457 bytes for ./Payload/TankSpotterApp.app/EstimateHistoryCell.nib
2018-05-15 12:15:20 +0000  copying file ./Payload/TankSpotterApp.app/TankDocsVC.nib ... 
2018-05-15 12:15:20 +0000  2282 bytes for ./Payload/TankSpotterApp.app/TankDocsVC.nib
copying file ./Payload/TankSpotterApp.app/Alert3.nib ... 
2018-05-15 12:15:20 +0000  3298 bytes for ./Payload/TankSpotterApp.app/Alert3.nib
2018-05-15 12:15:20 +0000  copying file ./Payload/TankSpotterApp.app/HeatingSystemInspection.nib ... 
2299 bytes for ./Payload/TankSpotterApp.app/HeatingSystemInspection.nib
2018-05-15 12:15:20 +0000  copying file ./Payload/TankSpotterApp.app/discount.png ... 
456 bytes for ./Payload/TankSpotterApp.app/discount.png
copying file ./Payload/TankSpotterApp.app/PreDeliveryChecklistForm2.nib ... 
2018-05-15 12:15:20 +0000  2590 bytes for ./Payload/TankSpotterApp.app/PreDeliveryChecklistForm2.nib
2018-05-15 12:15:20 +0000  copying file ./Payload/TankSpotterApp.app/PropaneEquLease.nib ... 
2018-05-15 12:15:20 +0000  2321 bytes for ./Payload/TankSpotterApp.app/PropaneEquLease.nib
copying file ./Payload/TankSpotterApp.app/ExcavationTrenching.nib ... 
2018-05-15 12:15:20 +0000  2304 bytes for ./Payload/TankSpotterApp.app/ExcavationTrenching.nib
2018-05-15 12:15:20 +0000  copying file ./Payload/TankSpotterApp.app/TankListView.nib ... 
2018-05-15 12:15:20 +0000  5661 bytes for ./Payload/TankSpotterApp.app/TankListView.nib
2018-05-15 12:15:20 +0000  copying file ./Payload/TankSpotterApp.app/InstallationPreview.nib ... 
2018-05-15 12:15:20 +0000  3262 bytes for ./Payload/TankSpotterApp.app/InstallationPreview.nib
copying file ./Payload/TankSpotterApp.app/FuelDeliveryRelase.nib ... 
2018-05-15 12:15:20 +0000  2335 bytes for ./Payload/TankSpotterApp.app/FuelDeliveryRelase.nib
2018-05-15 12:15:20 +0000  copying file ./Payload/TankSpotterApp.app/marker_safety.png ... 
2018-05-15 12:15:20 +0000  1700 bytes for ./Payload/TankSpotterApp.app/marker_safety.png
copying file ./Payload/TankSpotterApp.app/FillUpCalculator.nib ... 
2018-05-15 12:15:20 +0000  2182 bytes for ./Payload/TankSpotterApp.app/FillUpCalculator.nib
2018-05-15 12:15:20 +0000  copying file ./Payload/TankSpotterApp.app/Alert2.nib ... 
2018-05-15 12:15:20 +0000  4346 bytes for ./Payload/TankSpotterApp.app/Alert2.nib
2018-05-15 12:15:20 +0000  copying file ./Payload/TankSpotterApp.app/CreateNewJobVC.nib ... 
2018-05-15 12:15:20 +0000  22149 bytes for ./Payload/TankSpotterApp.app/CreateNewJobVC.nib
copying file ./Payload/TankSpotterApp.app/setting1.png ... 
2018-05-15 12:15:20 +0000  313 bytes for ./Payload/TankSpotterApp.app/setting1.png
copying file ./Payload/TankSpotterApp.app/address.png ... 
2018-05-15 12:15:20 +0000  669 bytes for ./Payload/TankSpotterApp.app/address.png
copying file ./Payload/TankSpotterApp.app/OilTankInspection.nib ... 
2018-05-15 12:15:20 +0000  2281 bytes for ./Payload/TankSpotterApp.app/OilTankInspection.nib
copying file ./Payload/TankSpotterApp.app/CalendarHomeVC.nib ... 
2018-05-15 12:15:20 +0000  22094 bytes for ./Payload/TankSpotterApp.app/CalendarHomeVC.nib
2018-05-15 12:15:20 +0000  copying file ./Payload/TankSpotterApp.app/MeterReaderHistory.nib ... 
2018-05-15 12:15:20 +0000  3610 bytes for ./Payload/TankSpotterApp.app/MeterReaderHistory.nib
copying file ./Payload/TankSpotterApp.app/EmergencySpillReport.nib ... 
2018-05-15 12:15:20 +0000  2587 bytes for ./Payload/TankSpotterApp.app/EmergencySpillReport.nib
copying file ./Payload/TankSpotterApp.app/MapITViewController.nib ... 
2018-05-15 12:15:20 +0000  2823 bytes for ./Payload/TankSpotterApp.app/MapITViewController.nib
2018-05-15 12:15:20 +0000  copying file ./Payload/TankSpotterApp.app/AppIcon60x60@2x.png ... 
2018-05-15 12:15:20 +0000  16608 bytes for ./Payload/TankSpotterApp.app/AppIcon60x60@2x.png
2018-05-15 12:15:20 +0000  copying file ./Payload/TankSpotterApp.app/ChooseAssignedVC.nib ... 
2018-05-15 12:15:20 +0000  3729 bytes for ./Payload/TankSpotterApp.app/ChooseAssignedVC.nib
2018-05-15 12:15:20 +0000  copying file ./Payload/TankSpotterApp.app/untick_btn.png ... 
2018-05-15 12:15:20 +0000  3433 bytes for ./Payload/TankSpotterApp.app/untick_btn.png
copying file ./Payload/TankSpotterApp.app/LeakCheck_form1VC.nib ... 
2018-05-15 12:15:20 +0000  2740 bytes for ./Payload/TankSpotterApp.app/LeakCheck_form1VC.nib
2018-05-15 12:15:20 +0000  copying file ./Payload/TankSpotterApp.app/comments.png ... 
2018-05-15 12:15:20 +0000  1105 bytes for ./Payload/TankSpotterApp.app/comments.png
copying file ./Payload/TankSpotterApp.app/AppIcon29x29@2x.png ... 
2018-05-15 12:15:20 +0000  7416 bytes for ./Payload/TankSpotterApp.app/AppIcon29x29@2x.png
2018-05-15 12:15:20 +0000  copying file ./Payload/TankSpotterApp.app/CustomHourlyRate.nib ... 
2018-05-15 12:15:20 +0000  3093 bytes for ./Payload/TankSpotterApp.app/CustomHourlyRate.nib
2018-05-15 12:15:20 +0000  copying file ./Payload/TankSpotterApp.app/simple_txt_img.png ... 
2018-05-15 12:15:20 +0000  3041 bytes for ./Payload/TankSpotterApp.app/simple_txt_img.png
copying file ./Payload/TankSpotterApp.app/cancel.png ... 
2018-05-15 12:15:20 +0000  2161 bytes for ./Payload/TankSpotterApp.app/cancel.png
2018-05-15 12:15:20 +0000  copying file ./Payload/TankSpotterApp.app/TanksFinder.nib ... 
2018-05-15 12:15:20 +0000  8060 bytes for ./Payload/TankSpotterApp.app/TanksFinder.nib
2018-05-15 12:15:20 +0000  copying file ./Payload/TankSpotterApp.app/FeedbackView.nib ... 
2018-05-15 12:15:20 +0000  4366 bytes for ./Payload/TankSpotterApp.app/FeedbackView.nib
2018-05-15 12:15:20 +0000  copying file ./Payload/TankSpotterApp.app/marker_fuel_company.png ... 
2018-05-15 12:15:20 +0000  1586 bytes for ./Payload/TankSpotterApp.app/marker_fuel_company.png
copying file ./Payload/TankSpotterApp.app/ic_tankfinder.png ... 
2018-05-15 12:15:20 +0000  162203 bytes for ./Payload/TankSpotterApp.app/ic_tankfinder.png
copying file ./Payload/TankSpotterApp.app/arrow@2x.png ... 
2018-05-15 12:15:20 +0000  731 bytes for ./Payload/TankSpotterApp.app/arrow@2x.png
copying file ./Payload/TankSpotterApp.app/TankFinderCollectionViewCell.nib ... 
2018-05-15 12:15:20 +0000  1738 bytes for ./Payload/TankSpotterApp.app/TankFinderCollectionViewCell.nib
copying file ./Payload/TankSpotterApp.app/TanksFinder~ipad.nib ... 
2018-05-15 12:15:20 +0000  14526 bytes for ./Payload/TankSpotterApp.app/TanksFinder~ipad.nib
2018-05-15 12:15:20 +0000  copying file ./Payload/TankSpotterApp.app/EstimateViewController.nib ... 
2018-05-15 12:15:20 +0000  12690 bytes for ./Payload/TankSpotterApp.app/EstimateViewController.nib
2018-05-15 12:15:20 +0000  copying file ./Payload/TankSpotterApp.app/LPGCheckForm4.nib ... 
2018-05-15 12:15:20 +0000  2476 bytes for ./Payload/TankSpotterApp.app/LPGCheckForm4.nib
copying file ./Payload/TankSpotterApp.app/AppIcon40x40@3x.png ... 
2018-05-15 12:15:20 +0000  16604 bytes for ./Payload/TankSpotterApp.app/AppIcon40x40@3x.png
2018-05-15 12:15:20 +0000  copying file ./Payload/TankSpotterApp.app/MultiSelectView.nib ... 
2018-05-15 12:15:20 +0000  4471 bytes for ./Payload/TankSpotterApp.app/MultiSelectView.nib
2018-05-15 12:15:20 +0000  copying file ./Payload/TankSpotterApp.app/TankSpottedVC.nib ... 
2018-05-15 12:15:20 +0000  4030 bytes for ./Payload/TankSpotterApp.app/TankSpottedVC.nib
2018-05-15 12:15:20 +0000  copying file ./Payload/TankSpotterApp.app/EstimatorVC.nib ... 
2018-05-15 12:15:20 +0000  2272 bytes for ./Payload/TankSpotterApp.app/EstimatorVC.nib
2018-05-15 12:15:20 +0000  copying file ./Payload/TankSpotterApp.app/AppIcon29x29~ipad.png ... 
2018-05-15 12:15:20 +0000  3568 bytes for ./Payload/TankSpotterApp.app/AppIcon29x29~ipad.png
copying file ./Payload/TankSpotterApp.app/OccupancyCertificate.nib ... 
2018-05-15 12:15:20 +0000  2336 bytes for ./Payload/TankSpotterApp.app/OccupancyCertificate.nib
2018-05-15 12:15:20 +0000  copying file ./Payload/TankSpotterApp.app/AppIcon40x40@2x.png ... 
2018-05-15 12:15:20 +0000  10251 bytes for ./Payload/TankSpotterApp.app/AppIcon40x40@2x.png
2018-05-15 12:15:20 +0000  copying file ./Payload/TankSpotterApp.app/PropaneCheckVCHistory.nib ... 
2018-05-15 12:15:20 +0000  3896 bytes for ./Payload/TankSpotterApp.app/PropaneCheckVCHistory.nib
2018-05-15 12:15:20 +0000  copying file ./Payload/TankSpotterApp.app/arrow.png ... 
2018-05-15 12:15:20 +0000  725 bytes for ./Payload/TankSpotterApp.app/arrow.png
copying file ./Payload/TankSpotterApp.app/VoiceRecognizationView.nib ... 
2018-05-15 12:15:20 +0000  3794 bytes for ./Payload/TankSpotterApp.app/VoiceRecognizationView.nib
2018-05-15 12:15:20 +0000  copying file ./Payload/TankSpotterApp.app/ic_feedback.png ... 
2018-05-15 12:15:20 +0000  75456 bytes for ./Payload/TankSpotterApp.app/ic_feedback.png
copying file ./Payload/TankSpotterApp.app/PropaneEmergencyShuttOff.nib ... 
2018-05-15 12:15:20 +0000  2587 bytes for ./Payload/TankSpotterApp.app/PropaneEmergencyShuttOff.nib
copying file ./Payload/TankSpotterApp.app/OurTankViewController.nib ... 
2018-05-15 12:15:20 +0000  14116 bytes for ./Payload/TankSpotterApp.app/OurTankViewController.nib
copying file ./Payload/TankSpotterApp.app/AppIcon29x29@3x.png ... 
2018-05-15 12:15:20 +0000  12187 bytes for ./Payload/TankSpotterApp.app/AppIcon29x29@3x.png
2018-05-15 12:15:20 +0000  copying file ./Payload/TankSpotterApp.app/Cathodic_Form6VC.nib ... 
2018-05-15 12:15:20 +0000  2479 bytes for ./Payload/TankSpotterApp.app/Cathodic_Form6VC.nib
copying file ./Payload/TankSpotterApp.app/EstimatePopupVC.nib ... 
2018-05-15 12:15:20 +0000  2939 bytes for ./Payload/TankSpotterApp.app/EstimatePopupVC.nib
2018-05-15 12:15:20 +0000  copying file ./Payload/TankSpotterApp.app/marker_maint.png ... 
2018-05-15 12:15:20 +0000  1727 bytes for ./Payload/TankSpotterApp.app/marker_maint.png
copying file ./Payload/TankSpotterApp.app/PlantInspectionPreview.nib ... 
2018-05-15 12:15:20 +0000  3267 bytes for ./Payload/TankSpotterApp.app/PlantInspectionPreview.nib
copying file ./Payload/TankSpotterApp.app/SignCaptureVC.nib ... 
2018-05-15 12:15:20 +0000  2415 bytes for ./Payload/TankSpotterApp.app/SignCaptureVC.nib
2018-05-15 12:15:20 +0000  copying file ./Payload/TankSpotterApp.app/MultiSelectCell.nib ... 
2018-05-15 12:15:20 +0000  3325 bytes for ./Payload/TankSpotterApp.app/MultiSelectCell.nib
copying file ./Payload/TankSpotterApp.app/icon_bulk.png ... 
2018-05-15 12:15:20 +0000  3978 bytes for ./Payload/TankSpotterApp.app/icon_bulk.png
2018-05-15 12:15:20 +0000  copying file ./Payload/TankSpotterApp.app/AppIcon60x60@3x.png ... 
2018-05-15 12:15:20 +0000  25969 bytes for ./Payload/TankSpotterApp.app/AppIcon60x60@3x.png
2018-05-15 12:15:20 +0000  copying file ./Payload/TankSpotterApp.app/Base.lproj/Main.storyboardc/nvController.nib ... 
2018-05-15 12:15:20 +0000  2094 bytes for ./Payload/TankSpotterApp.app/Base.lproj/Main.storyboardc/nvController.nib
copying file ./Payload/TankSpotterApp.app/Base.lproj/Main.storyboardc/BYZ-38-t0r-view-8bC-Xf-vdC.nib ... 
2018-05-15 12:15:20 +0000  7897 bytes for ./Payload/TankSpotterApp.app/Base.lproj/Main.storyboardc/BYZ-38-t0r-view-8bC-Xf-vdC.nib
2018-05-15 12:15:20 +0000  copying file ./Payload/TankSpotterApp.app/Base.lproj/Main.storyboardc/Info.plist ... 
193 bytes for ./Payload/TankSpotterApp.app/Base.lproj/Main.storyboardc/Info.plist
2018-05-15 12:15:20 +0000  copying file ./Payload/TankSpotterApp.app/Base.lproj/LaunchScreen.storyboardc/01J-lp-oVM-view-Ze5-6b-2t3.nib ... 
2018-05-15 12:15:20 +0000  2276 bytes for ./Payload/TankSpotterApp.app/Base.lproj/LaunchScreen.storyboardc/01J-lp-oVM-view-Ze5-6b-2t3.nib
copying file ./Payload/TankSpotterApp.app/Base.lproj/LaunchScreen.storyboardc/UIViewController-01J-lp-oVM.nib ... 
2018-05-15 12:15:20 +0000  832 bytes for ./Payload/TankSpotterApp.app/Base.lproj/LaunchScreen.storyboardc/UIViewController-01J-lp-oVM.nib
2018-05-15 12:15:20 +0000  copying file ./Payload/TankSpotterApp.app/Base.lproj/LaunchScreen.storyboardc/Info.plist ... 
258 bytes for ./Payload/TankSpotterApp.app/Base.lproj/LaunchScreen.storyboardc/Info.plist
2018-05-15 12:15:20 +0000  copying file ./Payload/TankSpotterApp.app/LPGCheckForm2.nib ... 
2018-05-15 12:15:20 +0000  2474 bytes for ./Payload/TankSpotterApp.app/LPGCheckForm2.nib
2018-05-15 12:15:20 +0000  copying file ./Payload/TankSpotterApp.app/NewCustomerPropanePreview.nib ... 
2018-05-15 12:15:20 +0000  2514 bytes for ./Payload/TankSpotterApp.app/NewCustomerPropanePreview.nib
copying file ./Payload/TankSpotterApp.app/TrenchingRelease.nib ... 
2018-05-15 12:15:20 +0000  2291 bytes for ./Payload/TankSpotterApp.app/TrenchingRelease.nib
2018-05-15 12:15:20 +0000  copying file ./Payload/TankSpotterApp.app/icon_estimate.png ... 
2018-05-15 12:15:20 +0000  5693 bytes for ./Payload/TankSpotterApp.app/icon_estimate.png
copying file ./Payload/TankSpotterApp.app/FuelEquipLease.nib ... 
2018-05-15 12:15:20 +0000  2290 bytes for ./Payload/TankSpotterApp.app/FuelEquipLease.nib
copying file ./Payload/TankSpotterApp.app/ic_tankdocs.png ... 
2018-05-15 12:15:20 +0000  39310 bytes for ./Payload/TankSpotterApp.app/ic_tankdocs.png
copying file ./Payload/TankSpotterApp.app/LPSafetyCheck_Form6.nib ... 
2018-05-15 12:15:20 +0000  3032 bytes for ./Payload/TankSpotterApp.app/LPSafetyCheck_Form6.nib
2018-05-15 12:15:20 +0000  copying file ./Payload/TankSpotterApp.app/CustomerForm.nib ... 
2018-05-15 12:15:20 +0000  2474 bytes for ./Payload/TankSpotterApp.app/CustomerForm.nib
copying file ./Payload/TankSpotterApp.app/SnowIceRemovalPreview.nib ... 
2018-05-15 12:15:20 +0000  2499 bytes for ./Payload/TankSpotterApp.app/SnowIceRemovalPreview.nib
copying file ./Payload/TankSpotterApp.app/ic_mark.png ... 
2018-05-15 12:15:20 +0000  1293 bytes for ./Payload/TankSpotterApp.app/ic_mark.png
copying file ./Payload/TankSpotterApp.app/DeliveryPropaneForm.nib ... 
2018-05-15 12:15:20 +0000  12022 bytes for ./Payload/TankSpotterApp.app/DeliveryPropaneForm.nib
2018-05-15 12:15:20 +0000  copying file ./Payload/TankSpotterApp.app/TankSalesLeadViewController.nib ... 
2018-05-15 12:15:20 +0000  15149 bytes for ./Payload/TankSpotterApp.app/TankSalesLeadViewController.nib
2018-05-15 12:15:20 +0000  copying file ./Payload/TankSpotterApp.app/ChooseServiceCell.nib ... 
2018-05-15 12:15:20 +0000  4494 bytes for ./Payload/TankSpotterApp.app/ChooseServiceCell.nib
copying file ./Payload/TankSpotterApp.app/CalJobListVC.nib ... 
2018-05-15 12:15:20 +0000  3732 bytes for ./Payload/TankSpotterApp.app/CalJobListVC.nib
2018-05-15 12:15:20 +0000  copying file ./Payload/TankSpotterApp.app/LPGCheck.nib ... 
2018-05-15 12:15:20 +0000  2475 bytes for ./Payload/TankSpotterApp.app/LPGCheck.nib
copying file ./Payload/TankSpotterApp.app/TankPickUpRequest.nib ... 
2018-05-15 12:15:20 +0000  2322 bytes for ./Payload/TankSpotterApp.app/TankPickUpRequest.nib
2018-05-15 12:15:20 +0000  copying file ./Payload/TankSpotterApp.app/BulkYardViewController.nib ... 
2018-05-15 12:15:20 +0000  12386 bytes for ./Payload/TankSpotterApp.app/BulkYardViewController.nib
2018-05-15 12:15:20 +0000  copying file ./Payload/TankSpotterApp.app/CustomEmailAlert~ipad.nib ... 
2018-05-15 12:15:20 +0000  5753 bytes for ./Payload/TankSpotterApp.app/CustomEmailAlert~ipad.nib
2018-05-15 12:15:20 +0000  copying file ./Payload/TankSpotterApp.app/InstallationForm1.nib ... 
2018-05-15 12:15:20 +0000  2525 bytes for ./Payload/TankSpotterApp.app/InstallationForm1.nib
copying file ./Payload/TankSpotterApp.app/InstallationForm3.nib ... 
2018-05-15 12:15:20 +0000  2503 bytes for ./Payload/TankSpotterApp.app/InstallationForm3.nib
2018-05-15 12:15:20 +0000  copying file ./Payload/TankSpotterApp.app/radio_no_pdf.png ... 
2018-05-15 12:15:20 +0000  817 bytes for ./Payload/TankSpotterApp.app/radio_no_pdf.png
copying file ./Payload/TankSpotterApp.app/ItemsListVC.nib ... 
2018-05-15 12:15:20 +0000  2283 bytes for ./Payload/TankSpotterApp.app/ItemsListVC.nib
copying file ./Payload/TankSpotterApp.app/Assets.car ... 
2018-05-15 12:15:20 +0000  3549312 bytes for ./Payload/TankSpotterApp.app/Assets.car
copying file ./Payload/TankSpotterApp.app/PreDeliveryChecklistPreview.nib ... 
2018-05-15 12:15:20 +0000  3265 bytes for ./Payload/TankSpotterApp.app/PreDeliveryChecklistPreview.nib
2018-05-15 12:15:20 +0000  copying file ./Payload/TankSpotterApp.app/CustomEmailAlert.nib ... 
2018-05-15 12:15:20 +0000  5683 bytes for ./Payload/TankSpotterApp.app/CustomEmailAlert.nib
2018-05-15 12:15:20 +0000  copying file ./Payload/TankSpotterApp.app/AppIcon40x40@2x~ipad.png ... 
2018-05-15 12:15:20 +0000  9668 bytes for ./Payload/TankSpotterApp.app/AppIcon40x40@2x~ipad.png
2018-05-15 12:15:20 +0000  copying file ./Payload/TankSpotterApp.app/HistoryEstimateVC.nib ... 
2018-05-15 12:15:20 +0000  4187 bytes for ./Payload/TankSpotterApp.app/HistoryEstimateVC.nib
2018-05-15 12:15:20 +0000  copying file ./Payload/TankSpotterApp.app/tax.png ... 
2018-05-15 12:15:20 +0000  514 bytes for ./Payload/TankSpotterApp.app/tax.png
copying file ./Payload/TankSpotterApp.app/AppIcon76x76@2x~ipad.png ... 
2018-05-15 12:15:20 +0000  24222 bytes for ./Payload/TankSpotterApp.app/AppIcon76x76@2x~ipad.png
2018-05-15 12:15:20 +0000  copying file ./Payload/TankSpotterApp.app/ic_meterreader.png ... 
2018-05-15 12:15:20 +0000  28431 bytes for ./Payload/TankSpotterApp.app/ic_meterreader.png
copying file ./Payload/TankSpotterApp.app/InstallationForm2.nib ... 
2018-05-15 12:15:20 +0000  2520 bytes for ./Payload/TankSpotterApp.app/InstallationForm2.nib
copying file ./Payload/TankSpotterApp.app/TankListView~ipad.nib ... 
2018-05-15 12:15:20 +0000  5440 bytes for ./Payload/TankSpotterApp.app/TankListView~ipad.nib
2018-05-15 12:15:20 +0000  copying file ./Payload/TankSpotterApp.app/InstallationForm6.nib ... 
2018-05-15 12:15:20 +0000  2478 bytes for ./Payload/TankSpotterApp.app/InstallationForm6.nib
copying file ./Payload/TankSpotterApp.app/EstimateCollectionViewCell.nib ... 
2018-05-15 12:15:20 +0000  1736 bytes for ./Payload/TankSpotterApp.app/EstimateCollectionViewCell.nib
2018-05-15 12:15:20 +0000  copying file ./Payload/TankSpotterApp.app/marker_sales_lead.png ... 
2018-05-15 12:15:20 +0000  1639 bytes for ./Payload/TankSpotterApp.app/marker_sales_lead.png
copying file ./Payload/TankSpotterApp.app/Cross.png ... 
2018-05-15 12:15:20 +0000  271 bytes for ./Payload/TankSpotterApp.app/Cross.png
copying file ./Payload/TankSpotterApp.app/RoutineCustomerInspection.nib ... 
2018-05-15 12:15:20 +0000  2301 bytes for ./Payload/TankSpotterApp.app/RoutineCustomerInspection.nib
copying file ./Payload/TankSpotterApp.app/ChooseServiceView.nib ... 
2018-05-15 12:15:20 +0000  3500 bytes for ./Payload/TankSpotterApp.app/ChooseServiceView.nib
2018-05-15 12:15:20 +0000  copying file ./Payload/TankSpotterApp.app/TankDocsHistory.nib ... 
2018-05-15 12:15:20 +0000  6346 bytes for ./Payload/TankSpotterApp.app/TankDocsHistory.nib
2018-05-15 12:15:20 +0000  copying file ./Payload/TankSpotterApp.app/TankCounterView.nib ... 
2018-05-15 12:15:20 +0000  2525 bytes for ./Payload/TankSpotterApp.app/TankCounterView.nib
copying file ./Payload/TankSpotterApp.app/TankDocsHistoryCell.nib ... 
2018-05-15 12:15:20 +0000  4700 bytes for ./Payload/TankSpotterApp.app/TankDocsHistoryCell.nib
2018-05-15 12:15:20 +0000  copying file ./Payload/TankSpotterApp.app/radio_yes_pdf.png ... 
2018-05-15 12:15:20 +0000  806 bytes for ./Payload/TankSpotterApp.app/radio_yes_pdf.png
copying file ./Payload/TankSpotterApp.app/InstallationForm7.nib ... 
2018-05-15 12:15:20 +0000  2481 bytes for ./Payload/TankSpotterApp.app/InstallationForm7.nib
copying file ./Payload/TankSpotterApp.app/InstallationForm5.nib ... 
2018-05-15 12:15:20 +0000  3285 bytes for ./Payload/TankSpotterApp.app/InstallationForm5.nib
2018-05-15 12:15:20 +0000  copying file ./Payload/TankSpotterApp.app/AppIcon83.5x83.5@2x~ipad.png ... 
2018-05-15 12:15:20 +0000  25564 bytes for ./Payload/TankSpotterApp.app/AppIcon83.5x83.5@2x~ipad.png
2018-05-15 12:15:20 +0000  copying file ./Payload/TankSpotterApp.app/SafetyIssueViewController.nib ... 
2018-05-15 12:15:20 +0000  14653 bytes for ./Payload/TankSpotterApp.app/SafetyIssueViewController.nib
2018-05-15 12:15:20 +0000  copying file ./Payload/TankSpotterApp.app/pipe_main.PNG ... 
2018-05-15 12:15:20 +0000  5609 bytes for ./Payload/TankSpotterApp.app/pipe_main.PNG
copying file ./Payload/TankSpotterApp.app/ShowTankSizeTableViewCell.nib ... 
2018-05-15 12:15:20 +0000  3451 bytes for ./Payload/TankSpotterApp.app/ShowTankSizeTableViewCell.nib
2018-05-15 12:15:20 +0000  copying file ./Payload/TankSpotterApp.app/SnowIceRemovalForm.nib ... 
2018-05-15 12:15:20 +0000  2584 bytes for ./Payload/TankSpotterApp.app/SnowIceRemovalForm.nib
copying file ./Payload/TankSpotterApp.app/tic_button.png ... 
2018-05-15 12:15:20 +0000  2548 bytes for ./Payload/TankSpotterApp.app/tic_button.png
2018-05-15 12:15:20 +0000  copying file ./Payload/TankSpotterApp.app/phone.png ... 
2018-05-15 12:15:20 +0000  1366 bytes for ./Payload/TankSpotterApp.app/phone.png
copying file ./Payload/TankSpotterApp.app/AddCustomerViewController.nib ... 
2018-05-15 12:15:20 +0000  6193 bytes for ./Payload/TankSpotterApp.app/AddCustomerViewController.nib
2018-05-15 12:15:20 +0000  copying file ./Payload/TankSpotterApp.app/CustomAlert.nib ... 
2018-05-15 12:15:20 +0000  4209 bytes for ./Payload/TankSpotterApp.app/CustomAlert.nib
copying file ./Payload/TankSpotterApp.app/DashboardVC.nib ... 
2018-05-15 12:15:20 +0000  2677 bytes for ./Payload/TankSpotterApp.app/DashboardVC.nib
2018-05-15 12:15:20 +0000  copying file ./Payload/TankSpotterApp.app/InstallationForm4.nib ... 
2018-05-15 12:15:20 +0000  3234 bytes for ./Payload/TankSpotterApp.app/InstallationForm4.nib
2018-05-15 12:15:20 +0000  copying file ./Payload/TankSpotterApp.app/TankPopupVC.nib ... 
2540 bytes for ./Payload/TankSpotterApp.app/TankPopupVC.nib
copying file ./Payload/TankSpotterApp.app/ChooseEstimatesVC.nib ... 
4037 bytes for ./Payload/TankSpotterApp.app/ChooseEstimatesVC.nib
copying file ./Payload/TankSpotterApp.app/unchecked.png ... 
943 bytes for ./Payload/TankSpotterApp.app/unchecked.png
copying file ./Payload/TankSpotterApp.app/TestWorkBook.xlsx ... 
3634 bytes for ./Payload/TankSpotterApp.app/TestWorkBook.xlsx
copying file ./Payload/TankSpotterApp.app/ViewJobVC.nib ... 
22791 bytes for ./Payload/TankSpotterApp.app/ViewJobVC.nib
copying file ./Payload/TankSpotterApp.app/AppIcon29x29@2x~ipad.png ... 
7912 bytes for ./Payload/TankSpotterApp.app/AppIcon29x29@2x~ipad.png
copying file ./Payload/TankSpotterApp.app/radio_yes.png ... 
2018-05-15 12:15:20 +0000  4808 bytes for ./Payload/TankSpotterApp.app/radio_yes.png
2018-05-15 12:15:20 +0000  copying file ./Payload/TankSpotterApp.app/edit.png ... 
2018-05-15 12:15:20 +0000  1418 bytes for ./Payload/TankSpotterApp.app/edit.png
copying file ./Payload/TankSpotterApp.app/EditCustomerTableViewCell.nib ... 
2018-05-15 12:15:20 +0000  3687 bytes for ./Payload/TankSpotterApp.app/EditCustomerTableViewCell.nib
2018-05-15 12:15:20 +0000  copying file ./Payload/TankSpotterApp.app/ic_fillupcal.png ... 
2018-05-15 12:15:20 +0000  22875 bytes for ./Payload/TankSpotterApp.app/ic_fillupcal.png
2018-05-15 12:15:20 +0000  copying file ./Payload/TankSpotterApp.app/NewAccountSheet.nib ... 
2018-05-15 12:15:20 +0000  2590 bytes for ./Payload/TankSpotterApp.app/NewAccountSheet.nib
copying file ./Payload/TankSpotterApp.app/LPSaftyCheckPreview.nib ... 
2018-05-15 12:15:20 +0000  2496 bytes for ./Payload/TankSpotterApp.app/LPSaftyCheckPreview.nib
copying file ./Payload/TankSpotterApp.app/untic_buttton.png ... 
2018-05-15 12:15:20 +0000  943 bytes for ./Payload/TankSpotterApp.app/untic_buttton.png
2018-05-15 12:15:20 +0000  copying file ./Payload/TankSpotterApp.app/FirstFillOilInspection.nib ... 
2018-05-15 12:15:20 +0000  2299 bytes for ./Payload/TankSpotterApp.app/FirstFillOilInspection.nib
copying file ./Payload/TankSpotterApp.app/AppIcon40x40~ipad.png ... 
2018-05-15 12:15:20 +0000  4885 bytes for ./Payload/TankSpotterApp.app/AppIcon40x40~ipad.png
2018-05-15 12:15:20 +0000  copying file ./Payload/TankSpotterApp.app/HoseInspection.nib ... 
2018-05-15 12:15:20 +0000  2294 bytes for ./Payload/TankSpotterApp.app/HoseInspection.nib
copying file ./Payload/TankSpotterApp.app/ImageDeleteView.nib ... 
2018-05-15 12:15:20 +0000  2593 bytes for ./Payload/TankSpotterApp.app/ImageDeleteView.nib
2018-05-15 12:15:20 +0000  copying file ./Payload/TankSpotterApp.app/AppIcon20x20~ipad.png ... 
2018-05-15 12:15:20 +0000  2568 bytes for ./Payload/TankSpotterApp.app/AppIcon20x20~ipad.png
copying file ./Payload/TankSpotterApp.app/ic_tankcounter.png ... 
2018-05-15 12:15:20 +0000  23796 bytes for ./Payload/TankSpotterApp.app/ic_tankcounter.png
copying file ./Payload/TankSpotterApp.app/embedded.mobileprovision ... 
2018-05-15 12:15:20 +0000  8313 bytes for ./Payload/TankSpotterApp.app/embedded.mobileprovision
2018-05-15 12:15:20 +0000  copying file ./Payload/TankSpotterApp.app/SVProgressHUD.bundle/info.png ... 
2018-05-15 12:15:20 +0000  3527 bytes for ./Payload/TankSpotterApp.app/SVProgressHUD.bundle/info.png
copying file ./Payload/TankSpotterApp.app/SVProgressHUD.bundle/error@3x.png ... 
2018-05-15 12:15:20 +0000  2315 bytes for ./Payload/TankSpotterApp.app/SVProgressHUD.bundle/error@3x.png
copying file ./Payload/TankSpotterApp.app/SVProgressHUD.bundle/angle-mask@3x.png ... 
2018-05-15 12:15:20 +0000  9389 bytes for ./Payload/TankSpotterApp.app/SVProgressHUD.bundle/angle-mask@3x.png
2018-05-15 12:15:20 +0000  copying file ./Payload/TankSpotterApp.app/SVProgressHUD.bundle/angle-mask@2x.png ... 
2018-05-15 12:15:20 +0000  5614 bytes for ./Payload/TankSpotterApp.app/SVProgressHUD.bundle/angle-mask@2x.png
copying file ./Payload/TankSpotterApp.app/SVProgressHUD.bundle/error@2x.png ... 
2018-05-15 12:15:20 +0000  1137 bytes for ./Payload/TankSpotterApp.app/SVProgressHUD.bundle/error@2x.png
copying file ./Payload/TankSpotterApp.app/SVProgressHUD.bundle/info@3x.png ... 
2018-05-15 12:15:20 +0000  6585 bytes for ./Payload/TankSpotterApp.app/SVProgressHUD.bundle/info@3x.png
2018-05-15 12:15:20 +0000  copying file ./Payload/TankSpotterApp.app/SVProgressHUD.bundle/success@2x.png ... 
2018-05-15 12:15:20 +0000  811 bytes for ./Payload/TankSpotterApp.app/SVProgressHUD.bundle/success@2x.png
copying file ./Payload/TankSpotterApp.app/SVProgressHUD.bundle/success@3x.png ... 
2018-05-15 12:15:20 +0000  1576 bytes for ./Payload/TankSpotterApp.app/SVProgressHUD.bundle/success@3x.png
copying file ./Payload/TankSpotterApp.app/SVProgressHUD.bundle/info@2x.png ... 
2018-05-15 12:15:20 +0000  4852 bytes for ./Payload/TankSpotterApp.app/SVProgressHUD.bundle/info@2x.png
copying file ./Payload/TankSpotterApp.app/SVProgressHUD.bundle/error.png ... 
2018-05-15 12:15:20 +0000  455 bytes for ./Payload/TankSpotterApp.app/SVProgressHUD.bundle/error.png
2018-05-15 12:15:20 +0000  copying file ./Payload/TankSpotterApp.app/SVProgressHUD.bundle/success.png ... 
2018-05-15 12:15:20 +0000  349 bytes for ./Payload/TankSpotterApp.app/SVProgressHUD.bundle/success.png
copying file ./Payload/TankSpotterApp.app/SVProgressHUD.bundle/angle-mask.png ... 
2018-05-15 12:15:20 +0000  3482 bytes for ./Payload/TankSpotterApp.app/SVProgressHUD.bundle/angle-mask.png
copying file ./Payload/TankSpotterApp.app/NewCustomerPropaneForm2.nib ... 
2018-05-15 12:15:20 +0000  2494 bytes for ./Payload/TankSpotterApp.app/NewCustomerPropaneForm2.nib
2018-05-15 12:15:20 +0000  copying file ./Payload/TankSpotterApp.app/Cathodic_Form1.nib ... 
2018-05-15 12:15:20 +0000  2472 bytes for ./Payload/TankSpotterApp.app/Cathodic_Form1.nib
copying file ./Payload/TankSpotterApp.app/SettingViewController.nib ... 
2018-05-15 12:15:20 +0000  11374 bytes for ./Payload/TankSpotterApp.app/SettingViewController.nib
2018-05-15 12:15:20 +0000  copying file ./Payload/TankSpotterApp.app/TankSpottedTableViewCell.nib ... 
2018-05-15 12:15:20 +0000  3346 bytes for ./Payload/TankSpotterApp.app/TankSpottedTableViewCell.nib
copying file ./Payload/TankSpotterApp.app/LeadSizesTableViewCell.nib ... 
2018-05-15 12:15:20 +0000  3909 bytes for ./Payload/TankSpotterApp.app/LeadSizesTableViewCell.nib
2018-05-15 12:15:20 +0000  copying file ./Payload/TankSpotterApp.app/icon_leak.png ... 
2018-05-15 12:15:20 +0000  4765 bytes for ./Payload/TankSpotterApp.app/icon_leak.png
copying file ./Payload/TankSpotterApp.app/tank_main.PNG ... 
2018-05-15 12:15:20 +0000  5794 bytes for ./Payload/TankSpotterApp.app/tank_main.PNG
2018-05-15 12:15:20 +0000  copying file ./Payload/TankSpotterApp.app/ic_ourtank.png ... 
2018-05-15 12:15:20 +0000  1536 bytes for ./Payload/TankSpotterApp.app/ic_ourtank.png
copying file ./Payload/TankSpotterApp.app/MeterReaderHistoryCell.nib ... 
2018-05-15 12:15:20 +0000  4023 bytes for ./Payload/TankSpotterApp.app/MeterReaderHistoryCell.nib
2018-05-15 12:15:20 +0000  copying file ./Payload/TankSpotterApp.app/NewCustomerPropaneForm3.nib ... 
2018-05-15 12:15:20 +0000  2493 bytes for ./Payload/TankSpotterApp.app/NewCustomerPropaneForm3.nib
copying file ./Payload/TankSpotterApp.app/tick_btn.png ... 
2018-05-15 12:15:20 +0000  3987 bytes for ./Payload/TankSpotterApp.app/tick_btn.png
2018-05-15 12:15:20 +0000  copying file ./Payload/TankSpotterApp.app/AppIcon20x20@2x~ipad.png ... 
2018-05-15 12:15:20 +0000  4885 bytes for ./Payload/TankSpotterApp.app/AppIcon20x20@2x~ipad.png
copying file ./Payload/TankSpotterApp.app/NewAccountSheetPreview.nib ... 
2018-05-15 12:15:20 +0000  2504 bytes for ./Payload/TankSpotterApp.app/NewAccountSheetPreview.nib
2018-05-15 12:15:20 +0000  copying file ./Payload/TankSpotterApp.app/Info.plist ... 
2018-05-15 12:15:20 +0000  2277 bytes for ./Payload/TankSpotterApp.app/Info.plist
copying file ./Payload/TankSpotterApp.app/MeterReaderView.nib ... 
2018-05-15 12:15:20 +0000  2520 bytes for ./Payload/TankSpotterApp.app/MeterReaderView.nib
2018-05-15 12:15:20 +0000  copying file ./Payload/TankSpotterApp.app/NaturalGasForm1.nib ... 
2018-05-15 12:15:20 +0000  2584 bytes for ./Payload/TankSpotterApp.app/NaturalGasForm1.nib
copying file ./Payload/TankSpotterApp.app/EditPartView.nib ... 
2018-05-15 12:15:20 +0000  4815 bytes for ./Payload/TankSpotterApp.app/EditPartView.nib
2018-05-15 12:15:20 +0000  copying file ./Payload/TankSpotterApp.app/NewCustomerPropaneForm1.nib ... 
2018-05-15 12:15:20 +0000  2546 bytes for ./Payload/TankSpotterApp.app/NewCustomerPropaneForm1.nib
copying file ./Payload/TankSpotterApp.app/PropaneCheckVC.nib ... 
2018-05-15 12:15:20 +0000  2243 bytes for ./Payload/TankSpotterApp.app/PropaneCheckVC.nib
2018-05-15 12:15:20 +0000  copying file ./Payload/TankSpotterApp.app/DeliveryPropaneFormPreview.nib ... 
2018-05-15 12:15:20 +0000  7917 bytes for ./Payload/TankSpotterApp.app/DeliveryPropaneFormPreview.nib
2018-05-15 12:15:20 +0000  copying file ./Payload/TankSpotterApp.app/TankSpottedViewController.nib ... 
2018-05-15 12:15:20 +0000  9657 bytes for ./Payload/TankSpotterApp.app/TankSpottedViewController.nib
2018-05-15 12:15:20 +0000  copying file ./Payload/TankSpotterApp.app/PkgInfo ... 
8 bytes for ./Payload/TankSpotterApp.app/PkgInfo
copying file ./Payload/TankSpotterApp.app/DotTankPickUp.nib ... 
2018-05-15 12:15:20 +0000  2318 bytes for ./Payload/TankSpotterApp.app/DotTankPickUp.nib
2018-05-15 12:15:20 +0000  copying file ./Payload/TankSpotterApp.app/cancel1.png ... 
2018-05-15 12:15:20 +0000  717 bytes for ./Payload/TankSpotterApp.app/cancel1.png
copying file ./Payload/TankSpotterApp.app/LPTankSetVC.nib ... 
2018-05-15 12:15:20 +0000  2285 bytes for ./Payload/TankSpotterApp.app/LPTankSetVC.nib
copying file ./Payload/TankSpotterApp.app/EditCustomerViewController.nib ... 
2018-05-15 12:15:20 +0000  6404 bytes for ./Payload/TankSpotterApp.app/EditCustomerViewController.nib
2018-05-15 12:15:20 +0000  copying file ./Payload/TankSpotterApp.app/AppIcon76x76~ipad.png ... 
2018-05-15 12:15:20 +0000  10000 bytes for ./Payload/TankSpotterApp.app/AppIcon76x76~ipad.png
2018-05-15 12:15:20 +0000  copying file ./Payload/TankSpotterApp.app/AssignedUserCell.nib ... 
2018-05-15 12:15:20 +0000  3028 bytes for ./Payload/TankSpotterApp.app/AssignedUserCell.nib
copying file ./Payload/TankSpotterApp.app/EstimateForm2VC.nib ... 
2018-05-15 12:15:20 +0000  12752 bytes for ./Payload/TankSpotterApp.app/EstimateForm2VC.nib
2018-05-15 12:15:20 +0000  copying file ./Payload/TankSpotterApp.app/mic.png ... 
2018-05-15 12:15:20 +0000  1244 bytes for ./Payload/TankSpotterApp.app/mic.png
2018-05-15 12:15:20 +0000  2018-05-15 12:15:20 +0000  

2018-05-15 12:15:20 +0000  /usr/bin/ditto exited with 0
2018-05-15 12:15:20 +0000  
2018-05-15 12:15:20 +0000  
2018-05-15 12:15:20 +0000  Processing step: IDEDistributionCreateManifestStep
